0 info it worked if it ends with ok
1 verbose cli [ 'C:\\Program Files\\nodejs\\node.exe',
1 verbose cli   'C:\\Users\\jiao\\AppData\\Roaming\\npm\\node_modules\\npm\\bin\\npm-cli.js',
1 verbose cli   'run',
1 verbose cli   'dev' ]
2 info using npm@3.8.3
3 info using node@v5.11.0
4 verbose run-script [ 'predev', 'dev', 'postdev' ]
5 info lifecycle ltc-xwf@1.0.0~predev: ltc-xwf@1.0.0
6 silly lifecycle ltc-xwf@1.0.0~predev: no script for predev, continuing
7 info lifecycle ltc-xwf@1.0.0~dev: ltc-xwf@1.0.0
8 verbose lifecycle ltc-xwf@1.0.0~dev: unsafe-perm in lifecycle true
9 verbose lifecycle ltc-xwf@1.0.0~dev: PATH: C:\Users\jiao\AppData\Roaming\npm\node_modules\npm\bin\node-gyp-bin;D:\project\jiao\ltc-xwf\node_modules\.bin;C:\Program Files\nodejs;D:\TT;C:\ProgramData\Oracle\Java\javapath;C:\Program Files\Java\jre1.8.0_65\bin;C:\Program Files\Java\jdk1.8.0_65\bin;C:\apache-ant-1.9.6\bin;c:\program files\graphicsmagick-1.3.20-q8;C:\Windows\system32;C:\Windows;C:\Windows\System32\Wbem;C:\Windows\System32\WindowsPowerShell\v1.0\;C:\Program Files (x86)\AMD\ATI.ACE\Core-Static;C:\Program Files\TortoiseSVN\bin;C:\Python27;C:\adt-bundle-windows-x86_64-20140702\sdk\tools;C:\adt-bundle-windows-x86_64-20140702\sdk\platform-tools;C:\Windows\Microsoft.NET\Framework64\v2.0.50727;D:\TT\nvmw-master;C:\Users\jiao\AppData\Roaming\npm;C:\cygwin\bin;C:\Program Files (x86)\GtkSharp\2.12\bin;D:\Redis\;C:\Program Files\Microsoft\Web Platform Installer\;C:\Program Files (x86)\Microsoft ASP.NET\ASP.NET Web Pages\v1.0\;C:\Program Files\Microsoft SQL Server\110\Tools\Binn\;C:\Program Files\nodejs\;C:\Program Files (x86)\Windows Kits\8.1\Windows Performance Toolkit\;C:\cocos2d-x-3.10\templates;C:\cocos2d-x-3.10\tools\cocos2d-console\bin;C:\OpenSSL-Win64\bin;D:\100tools\android-n;D:\100tools\android-ndk-r10c;C:\Program Files\Java\jre1.8.0_65;C:\Program Files (x86)\CodeAndWeb\TexturePacker\bin;C:\Program Files\Git\cmd;C:\Program Files (x86)\Microsoft VS Code\bin;C:\Users\jiao\AppData\Local\Code\bin
10 verbose lifecycle ltc-xwf@1.0.0~dev: CWD: D:\project\jiao\ltc-xwf
11 silly lifecycle ltc-xwf@1.0.0~dev: Args: [ '/d /s /c',
11 silly lifecycle   'webpack-dev-server --devtool eval --progress --colors --hot --content-base build' ]
12 silly lifecycle ltc-xwf@1.0.0~dev: Returned: code: 1  signal: null
13 info lifecycle ltc-xwf@1.0.0~dev: Failed to exec dev script
14 verbose stack Error: ltc-xwf@1.0.0 dev: `webpack-dev-server --devtool eval --progress --colors --hot --content-base build`
14 verbose stack Exit status 1
14 verbose stack     at EventEmitter.<anonymous> (C:\Users\jiao\AppData\Roaming\npm\node_modules\npm\lib\utils\lifecycle.js:239:16)
14 verbose stack     at emitTwo (events.js:100:13)
14 verbose stack     at EventEmitter.emit (events.js:185:7)
14 verbose stack     at ChildProcess.<anonymous> (C:\Users\jiao\AppData\Roaming\npm\node_modules\npm\lib\utils\spawn.js:24:14)
14 verbose stack     at emitTwo (events.js:100:13)
14 verbose stack     at ChildProcess.emit (events.js:185:7)
14 verbose stack     at maybeClose (internal/child_process.js:850:16)
14 verbose stack     at Process.ChildProcess._handle.onexit (internal/child_process.js:215:5)
15 verbose pkgid ltc-xwf@1.0.0
16 verbose cwd D:\project\jiao\ltc-xwf
17 error Windows_NT 6.1.7601
18 error argv "C:\\Program Files\\nodejs\\node.exe" "C:\\Users\\jiao\\AppData\\Roaming\\npm\\node_modules\\npm\\bin\\npm-cli.js" "run" "dev"
19 error node v5.11.0
20 error npm  v3.8.3
21 error code ELIFECYCLE
22 error ltc-xwf@1.0.0 dev: `webpack-dev-server --devtool eval --progress --colors --hot --content-base build`
22 error Exit status 1
23 error Failed at the ltc-xwf@1.0.0 dev script 'webpack-dev-server --devtool eval --progress --colors --hot --content-base build'.
23 error Make sure you have the latest version of node.js and npm installed.
23 error If you do, this is most likely a problem with the ltc-xwf package,
23 error not with npm itself.
23 error Tell the author that this fails on your system:
23 error     webpack-dev-server --devtool eval --progress --colors --hot --content-base build
23 error You can get information on how to open an issue for this project with:
23 error     npm bugs ltc-xwf
23 error Or if that isn't available, you can get their info via:
23 error     npm owner ls ltc-xwf
23 error There is likely additional logging output above.
24 verbose exit [ 1, true ]
